<?xml version="1.0" encoding="utf-8"?><testsuites name="pytest tests"><testsuite name="pytest" errors="0" failures="2" skipped="0" tests="21" time="26.115" timestamp="2026-05-05T16:14:04.931648+00:00" hostname="agent-env-d458f30b-4f33-43c4-b882-7f9fba49532a"><testcase classname="test_engine_iter9.TestDiscoverContract" name="test_returns_up_to_20_items" time="0.662" /><testcase classname="test_engine_iter9.TestDiscoverContract" name="test_required_keys_present" time="0.161" /><testcase classname="test_engine_iter9.TestFilters" name="test_content_type_movie_no_tv" time="0.714" /><testcase classname="test_engine_iter9.TestFilters" name="test_excluded_categories_anime" time="0.762" /><testcase classname="test_engine_iter9.TestFilters" name="test_excluded_genres_horror" time="0.708" /><testcase classname="test_engine_iter9.TestExclusionAndRotation" name="test_recently_shown_lru_low_overlap" time="0.535" /><testcase classname="test_engine_iter9.TestExclusionAndRotation" name="test_random_injection_diversifies" time="0.559" /><testcase classname="test_engine_iter9.TestMaturity" name="test_cold_start_maturity_low" time="0.521" /><testcase classname="test_engine_iter9.TestMaturity" name="test_engagement_endpoint_for_new_user" time="0.567" /><testcase classname="test_engine_iter9.TestCatalogPool" name="test_catalog_at_least_900" time="0.207" /><testcase classname="test_engine_iter9.TestCatalogPool" name="test_admin_pool_at_least_300" time="0.169"><failure message="AssertionError: Admin pool only 234&#10;assert 234 &gt;= 250">E   AssertionError: Admin pool only 234
    assert 234 &gt;= 250</failure></testcase><testcase classname="test_engine_iter9.TestRegressions" name="test_sections_trending" time="0.653" /><testcase classname="test_engine_iter9.TestRegressions" name="test_sections_upcoming" time="0.402" /><testcase classname="test_engine_iter9.TestRegressions" name="test_sections_popular_locally" time="0.338" /><testcase classname="test_engine_iter9.TestRegressions" name="test_search" time="0.163" /><testcase classname="test_engine_iter9.TestRegressions" name="test_search_suggest" time="0.151" /><testcase classname="test_engine_iter9.TestOnboardingExclusion" name="test_onboarding_rated_excluded" time="1.904" /><testcase classname="test_engine_iter9.TestCooldownReintro" name="test_old_skip_with_matching_genres_reappears" time="0.640" /><testcase classname="test_engine_iter9.TestBackgroundRefill" name="test_do_refill_runs_without_error" time="11.361" /><testcase classname="test_engine_iter9.TestAdminRefresh" name="test_admin_refresh_pages_3" time="4.292"><failure message="AssertionError: Refresh count 375 &lt; 900&#10;assert 375 &gt;= 900">E   AssertionError: Refresh count 375 &lt; 900
    assert 375 &gt;= 900</failure></testcase><testcase classname="test_engine_iter9.TestCollaborative" name="test_collab_signal_when_neighbours_match" time="0.576" /></testsuite></testsuites>