<?xml version="1.0" encoding="utf-8"?><testsuites name="pytest tests"><testsuite name="pytest" errors="0" failures="0" skipped="0" tests="12" time="21.179" timestamp="2026-05-05T15:44:06.406794+00:00" hostname="agent-env-d458f30b-4f33-43c4-b882-7f9fba49532a"><testcase classname="backend.tests.test_onboarding_and_filters.TestOnboardingTitles" name="test_titles_18_diverse" time="2.748" /><testcase classname="backend.tests.test_onboarding_and_filters.TestOnboardingTitles" name="test_titles_excludes_onboarding_rated" time="1.015" /><testcase classname="backend.tests.test_onboarding_and_filters.TestOnboardingRate" name="test_like_increments_weights_by_3" time="0.638" /><testcase classname="backend.tests.test_onboarding_and_filters.TestOnboardingRate" name="test_dislike_decrements_weights_by_2" time="1.169" /><testcase classname="backend.tests.test_onboarding_and_filters.TestOnboardingRate" name="test_skip_does_not_change_weights" time="0.587" /><testcase classname="backend.tests.test_onboarding_and_filters.TestOnboardingRate" name="test_rated_movies_excluded_from_discover" time="1.454" /><testcase classname="backend.tests.test_onboarding_and_filters.TestOnboardingComplete" name="test_complete_sets_flag" time="2.146" /><testcase classname="backend.tests.test_onboarding_and_filters.TestPreferencesNewFields" name="test_put_accepts_new_fields" time="0.642" /><testcase classname="backend.tests.test_onboarding_and_filters.TestStrictFilters" name="test_content_type_movie_drops_tv_everywhere" time="5.975" /><testcase classname="backend.tests.test_onboarding_and_filters.TestStrictFilters" name="test_excluded_categories_anime_drops_anime" time="2.796" /><testcase classname="backend.tests.test_onboarding_and_filters.TestStrictFilters" name="test_excluded_genres_horror_drops_horror" time="1.241" /><testcase classname="backend.tests.test_onboarding_and_filters.TestAdminBackfill" name="test_admin_onboarding_completed" time="0.561" /></testsuite></testsuites>