<?xml version="1.0" encoding="utf-8"?><testsuites name="pytest tests"><testsuite name="pytest" errors="0" failures="0" skipped="0" tests="12" time="6.023" timestamp="2026-05-05T10:12:31.224023+00:00" hostname="agent-env-d458f30b-4f33-43c4-b882-7f9fba49532a"><testcase classname="backend.tests.test_password_reset_and_sharing.TestPasswordReset" name="test_forgot_password_known_email_returns_inline_token" time="0.560" /><testcase classname="backend.tests.test_password_reset_and_sharing.TestPasswordReset" name="test_forgot_password_unknown_email_no_enumeration" time="0.108" /><testcase classname="backend.tests.test_password_reset_and_sharing.TestPasswordReset" name="test_reset_password_with_bad_token_400" time="0.117" /><testcase classname="backend.tests.test_password_reset_and_sharing.TestPasswordReset" name="test_reset_password_happy_path_and_token_reuse_blocked" time="1.056" /><testcase classname="backend.tests.test_password_reset_and_sharing.TestSharing" name="test_share_me_generates_code" time="0.584" /><testcase classname="backend.tests.test_password_reset_and_sharing.TestSharing" name="test_lookup_self_400_unknown_404_valid_ok" time="0.144" /><testcase classname="backend.tests.test_password_reset_and_sharing.TestSharing" name="test_request_flow_pending_then_accept" time="0.289" /><testcase classname="backend.tests.test_password_reset_and_sharing.TestSharing" name="test_compare_classifies_movies" time="0.336" /><testcase classname="backend.tests.test_password_reset_and_sharing.TestSharing" name="test_compare_non_friend_403" time="0.404" /><testcase classname="backend.tests.test_password_reset_and_sharing.TestSharing" name="test_unfriend_removes_both_sides" time="0.185" /><testcase classname="backend.tests.test_password_reset_and_sharing.TestMutualAndReject" name="test_mutual_auto_accept" time="1.047" /><testcase classname="backend.tests.test_password_reset_and_sharing.TestMutualAndReject" name="test_reject_does_not_befriend" time="1.128" /></testsuite></testsuites>