<?xml version="1.0" encoding="utf-8"?><testsuites name="pytest tests"><testsuite name="pytest" errors="0" failures="0" skipped="0" tests="56" time="21.184" timestamp="2026-05-04T20:40:39.893891+00:00" hostname="agent-env-d458f30b-4f33-43c4-b882-7f9fba49532a"><testcase classname="backend.tests.backend_test" name="test_register_duplicate" time="0.701" /><testcase classname="backend.tests.backend_test" name="test_login_invalid" time="0.333" /><testcase classname="backend.tests.backend_test" name="test_login_admin_returns_access_token" time="0.358" /><testcase classname="backend.tests.backend_test" name="test_me_bearer" time="0.118" /><testcase classname="backend.tests.backend_test" name="test_me_cookie" time="0.418" /><testcase classname="backend.tests.backend_test" name="test_me_unauth" time="0.177" /><testcase classname="backend.tests.backend_test" name="test_logout" time="0.113" /><testcase classname="backend.tests.backend_test" name="test_services" time="0.111" /><testcase classname="backend.tests.backend_test" name="test_genres" time="0.223" /><testcase classname="backend.tests.backend_test" name="test_discover_reason_and_filter" time="0.327" /><testcase classname="backend.tests.backend_test" name="test_genre_weights_inc_on_actions" time="1.269" /><testcase classname="backend.tests.backend_test" name="test_discover_reason_reflects_learning" time="0.774" /><testcase classname="backend.tests.backend_test" name="test_affiliate_click_and_me" time="0.376" /><testcase classname="backend.tests.backend_test" name="test_affiliate_click_invalid_service" time="0.237" /><testcase classname="backend.tests.backend_test" name="test_affiliate_stats_admin_only" time="0.229" /><testcase classname="backend.tests.backend_test" name="test_affiliate_csv_admin_only" time="0.322" /><testcase classname="backend.tests.backend_test" name="test_discover_excludes_seen" time="0.977" /><testcase classname="backend.tests.backend_test" name="test_movie_not_found" time="0.108" /><testcase classname="backend.tests.backend_test" name="test_savings" time="0.208" /><testcase classname="backend.tests.backend_test" name="test_root_catalog_size" time="0.096" /><testcase classname="backend.tests.backend_test" name="test_catalog_tmdb_size_discover_pool" time="0.463" /><testcase classname="backend.tests.backend_test" name="test_auth_refresh_no_token" time="0.103" /><testcase classname="backend.tests.backend_test" name="test_auth_refresh_with_bearer" time="0.574" /><testcase classname="backend.tests.backend_test" name="test_auth_refresh_via_cookie" time="0.402" /><testcase classname="backend.tests.backend_test" name="test_auth_refresh_invalid_token" time="0.122" /><testcase classname="backend.tests.backend_test" name="test_auth_refresh_rejects_access_token" time="0.523" /><testcase classname="backend.tests.backend_test" name="test_admin_dashboard_rbac" time="0.262" /><testcase classname="backend.tests.backend_test" name="test_admin_refresh_catalog_rbac" time="0.117" /><testcase classname="backend.tests.backend_test" name="test_admin_refresh_catalog_unauth" time="0.135" /><testcase classname="backend.tests.backend_test" name="test_admin_dashboard_unauth" time="0.135" /><testcase classname="backend.tests.backend_test" name="test_admin_user_has_role_admin" time="0.101" /><testcase classname="backend.tests.backend_test" name="test_preferences_country_age_exclusions" time="0.473" /><testcase classname="backend.tests.backend_test" name="test_preferences_age_clamped" time="0.107" /><testcase classname="backend.tests.backend_test" name="test_search_local_match" time="0.194" /><testcase classname="backend.tests.backend_test" name="test_search_empty_query" time="0.113" /><testcase classname="backend.tests.backend_test" name="test_search_garbage_returns_fallback" time="0.248" /><testcase classname="backend.tests.backend_test" name="test_section_upcoming" time="1.168" /><testcase classname="backend.tests.backend_test" name="test_section_trending" time="0.495" /><testcase classname="backend.tests.backend_test" name="test_section_popular_locally" time="0.281" /><testcase classname="backend.tests.backend_test" name="test_movie_detail_enriched_fields" time="0.308" /><testcase classname="backend.tests.backend_test" name="test_progress_upsert_and_readback" time="0.343" /><testcase classname="backend.tests.backend_test" name="test_progress_invalid_season" time="0.564" /><testcase classname="backend.tests.backend_test" name="test_post_and_get_review" time="0.599" /><testcase classname="backend.tests.backend_test" name="test_review_invalid_rating" time="0.279" /><testcase classname="backend.tests.backend_test" name="test_review_movie_id_mismatch" time="0.255" /><testcase classname="backend.tests.backend_test" name="test_similar" time="1.687" /><testcase classname="backend.tests.backend_test" name="test_seeded_notifications_on_register" time="0.454" /><testcase classname="backend.tests.backend_test" name="test_notifications_mark_all_read" time="0.559" /><testcase classname="backend.tests.backend_test" name="test_watchlist_value" time="0.989" /><testcase classname="backend.tests.backend_test" name="test_discover_respects_excluded_categories" time="0.625" /><testcase classname="backend.tests.backend_test" name="test_iter4_endpoints_require_auth[/search?q=test-get]" time="0.105" /><testcase classname="backend.tests.backend_test" name="test_iter4_endpoints_require_auth[/sections/upcoming-get]" time="0.100" /><testcase classname="backend.tests.backend_test" name="test_iter4_endpoints_require_auth[/sections/trending-get]" time="0.155" /><testcase classname="backend.tests.backend_test" name="test_iter4_endpoints_require_auth[/sections/popular-locally-get]" time="0.122" /><testcase classname="backend.tests.backend_test" name="test_iter4_endpoints_require_auth[/notifications-get]" time="0.126" /><testcase classname="backend.tests.backend_test" name="test_iter4_endpoints_require_auth[/watchlist/value-get]" time="0.105" /></testsuite></testsuites>