<?xml version="1.0" encoding="utf-8"?><testsuites name="pytest tests"><testsuite name="pytest" errors="0" failures="0" skipped="0" tests="19" time="6.725" timestamp="2026-05-04T12:32:11.978841+00:00" hostname="agent-env-d458f30b-4f33-43c4-b882-7f9fba49532a"><testcase classname="backend.tests.backend_test" name="test_register_duplicate" time="0.628" /><testcase classname="backend.tests.backend_test" name="test_login_invalid" time="0.372" /><testcase classname="backend.tests.backend_test" name="test_login_admin_returns_access_token" time="0.362" /><testcase classname="backend.tests.backend_test" name="test_me_bearer" time="0.115" /><testcase classname="backend.tests.backend_test" name="test_me_cookie" time="0.386" /><testcase classname="backend.tests.backend_test" name="test_me_unauth" time="0.126" /><testcase classname="backend.tests.backend_test" name="test_logout" time="0.122" /><testcase classname="backend.tests.backend_test" name="test_services" time="0.142" /><testcase classname="backend.tests.backend_test" name="test_genres" time="0.105" /><testcase classname="backend.tests.backend_test" name="test_discover_reason_and_filter" time="0.223" /><testcase classname="backend.tests.backend_test" name="test_genre_weights_inc_on_actions" time="1.131" /><testcase classname="backend.tests.backend_test" name="test_discover_reason_reflects_learning" time="0.652" /><testcase classname="backend.tests.backend_test" name="test_affiliate_click_and_me" time="0.342" /><testcase classname="backend.tests.backend_test" name="test_affiliate_click_invalid_service" time="0.223" /><testcase classname="backend.tests.backend_test" name="test_affiliate_stats_admin_only" time="0.272" /><testcase classname="backend.tests.backend_test" name="test_affiliate_csv_admin_only" time="0.243" /><testcase classname="backend.tests.backend_test" name="test_discover_excludes_seen" time="0.891" /><testcase classname="backend.tests.backend_test" name="test_movie_not_found" time="0.101" /><testcase classname="backend.tests.backend_test" name="test_savings" time="0.218" /></testsuite></testsuites>